1714123145.719870 client started (52707): version 3.4, socket /private/tmp/tmux-501/default, protocol 8
1714123145.719909 on Darwin 23.4.0 Darwin Kernel Version 23.4.0: Wed Feb 21 21:44:54 PST 2024; root:xnu-10063.101.15~2/RELEASE_ARM64_T6030
1714123145.719918 using libevent 2.1.12-stable select
1714123145.719939 using utf8proc 2.9.0
1714123145.719944 using ncurses 6.4 20221231
1714123145.719960 flags are 0x10010000
1714123145.719965 socket is /private/tmp/tmux-501/default
1714123145.719974 trying connect
1714123145.720017 add peer 0x138008000: 6 (0x0)
1714123145.721446 sending message 100 to peer 0x138008000 (4 bytes)
1714123145.721454 sending message 111 to peer 0x138008000 (8 bytes)
1714123145.721459 sending message 101 to peer 0x138008000 (14 bytes)
1714123145.721464 sending message 109 to peer 0x138008000 (4 bytes)
1714123145.721468 sending message 102 to peer 0x138008000 (13 bytes)
1714123145.721472 sending message 108 to peer 0x138008000 (27 bytes)
1714123145.721476 sending message 112 to peer 0x138008000 (70 bytes)
1714123145.721481 sending message 112 to peer 0x138008000 (5 bytes)
1714123145.721485 sending message 112 to peer 0x138008000 (5 bytes)
1714123145.721489 sending message 112 to peer 0x138008000 (6 bytes)
1714123145.721493 sending message 112 to peer 0x138008000 (6 bytes)
1714123145.721498 sending message 112 to peer 0x138008000 (11 bytes)
1714123145.721502 sending message 112 to peer 0x138008000 (10 bytes)
1714123145.721506 sending message 112 to peer 0x138008000 (13 bytes)
1714123145.721510 sending message 112 to peer 0x138008000 (13 bytes)
1714123145.721514 sending message 112 to peer 0x138008000 (18 bytes)
1714123145.721518 sending message 112 to peer 0x138008000 (11 bytes)
1714123145.721522 sending message 112 to peer 0x138008000 (10 bytes)
1714123145.721526 sending message 112 to peer 0x138008000 (15 bytes)
1714123145.721530 sending message 112 to peer 0x138008000 (21 bytes)
1714123145.721534 sending message 112 to peer 0x138008000 (13 bytes)
1714123145.721539 sending message 112 to peer 0x138008000 (7 bytes)
1714123145.721543 sending message 112 to peer 0x138008000 (13 bytes)
1714123145.721547 sending message 112 to peer 0x138008000 (7 bytes)
1714123145.721551 sending message 112 to peer 0x138008000 (13 bytes)
1714123145.721555 sending message 112 to peer 0x138008000 (9 bytes)
1714123145.721559 sending message 112 to peer 0x138008000 (21 bytes)
1714123145.721563 sending message 112 to peer 0x138008000 (13 bytes)
1714123145.721567 sending message 112 to peer 0x138008000 (8 bytes)
1714123145.721572 sending message 112 to peer 0x138008000 (12 bytes)
1714123145.721576 sending message 112 to peer 0x138008000 (13 bytes)
1714123145.721580 sending message 112 to peer 0x138008000 (9 bytes)
1714123145.721584 sending message 112 to peer 0x138008000 (9 bytes)
1714123145.721588 sending message 112 to peer 0x138008000 (12 bytes)
1714123145.721592 sending message 112 to peer 0x138008000 (8 bytes)
1714123145.721596 sending message 112 to peer 0x138008000 (8 bytes)
1714123145.721600 sending message 112 to peer 0x138008000 (7 bytes)
1714123145.721604 sending message 112 to peer 0x138008000 (7 bytes)
1714123145.721608 sending message 112 to peer 0x138008000 (9 bytes)
1714123145.721613 sending message 112 to peer 0x138008000 (13 bytes)
1714123145.721617 sending message 112 to peer 0x138008000 (6 bytes)
1714123145.721621 sending message 112 to peer 0x138008000 (9 bytes)
1714123145.721625 sending message 112 to peer 0x138008000 (15 bytes)
1714123145.721629 sending message 112 to peer 0x138008000 (13 bytes)
1714123145.721633 sending message 112 to peer 0x138008000 (12 bytes)
1714123145.721637 sending message 112 to peer 0x138008000 (8 bytes)
1714123145.721641 sending message 112 to peer 0x138008000 (14 bytes)
1714123145.721645 sending message 112 to peer 0x138008000 (11 bytes)
1714123145.721649 sending message 112 to peer 0x138008000 (9 bytes)
1714123145.721653 sending message 112 to peer 0x138008000 (10 bytes)
1714123145.721657 sending message 112 to peer 0x138008000 (10 bytes)
1714123145.721661 sending message 112 to peer 0x138008000 (10 bytes)
1714123145.721673 sending message 112 to peer 0x138008000 (10 bytes)
1714123145.721676 sending message 112 to peer 0x138008000 (11 bytes)
1714123145.721679 sending message 112 to peer 0x138008000 (12 bytes)
1714123145.721682 sending message 112 to peer 0x138008000 (12 bytes)
1714123145.721685 sending message 112 to peer 0x138008000 (12 bytes)
1714123145.721687 sending message 112 to peer 0x138008000 (12 bytes)
1714123145.721690 sending message 112 to peer 0x138008000 (12 bytes)
1714123145.721693 sending message 112 to peer 0x138008000 (11 bytes)
1714123145.721696 sending message 112 to peer 0x138008000 (11 bytes)
1714123145.721699 sending message 112 to peer 0x138008000 (12 bytes)
1714123145.721701 sending message 112 to peer 0x138008000 (12 bytes)
1714123145.721704 sending message 112 to peer 0x138008000 (12 bytes)
1714123145.721707 sending message 112 to peer 0x138008000 (12 bytes)
1714123145.721709 sending message 112 to peer 0x138008000 (12 bytes)
1714123145.721712 sending message 112 to peer 0x138008000 (10 bytes)
1714123145.721715 sending message 112 to peer 0x138008000 (12 bytes)
1714123145.721718 sending message 112 to peer 0x138008000 (13 bytes)
1714123145.721721 sending message 112 to peer 0x138008000 (13 bytes)
1714123145.721723 sending message 112 to peer 0x138008000 (13 bytes)
1714123145.721726 sending message 112 to peer 0x138008000 (13 bytes)
1714123145.721729 sending message 112 to peer 0x138008000 (13 bytes)
1714123145.721732 sending message 112 to peer 0x138008000 (8 bytes)
1714123145.721735 sending message 112 to peer 0x138008000 (11 bytes)
1714123145.721737 sending message 112 to peer 0x138008000 (11 bytes)
1714123145.721740 sending message 112 to peer 0x138008000 (11 bytes)
1714123145.721743 sending message 112 to peer 0x138008000 (12 bytes)
1714123145.721745 sending message 112 to peer 0x138008000 (12 bytes)
1714123145.721748 sending message 112 to peer 0x138008000 (12 bytes)
1714123145.721751 sending message 112 to peer 0x138008000 (12 bytes)
1714123145.721754 sending message 112 to peer 0x138008000 (13 bytes)
1714123145.721756 sending message 112 to peer 0x138008000 (13 bytes)
1714123145.721759 sending message 112 to peer 0x138008000 (13 bytes)
1714123145.721762 sending message 112 to peer 0x138008000 (8 bytes)
1714123145.721765 sending message 112 to peer 0x138008000 (13 bytes)
1714123145.721767 sending message 112 to peer 0x138008000 (13 bytes)
1714123145.721770 sending message 112 to peer 0x138008000 (13 bytes)
1714123145.721773 sending message 112 to peer 0x138008000 (13 bytes)
1714123145.721776 sending message 112 to peer 0x138008000 (13 bytes)
1714123145.721779 sending message 112 to peer 0x138008000 (12 bytes)
1714123145.721781 sending message 112 to peer 0x138008000 (12 bytes)
1714123145.721784 sending message 112 to peer 0x138008000 (12 bytes)
1714123145.721787 sending message 112 to peer 0x138008000 (12 bytes)
1714123145.721790 sending message 112 to peer 0x138008000 (13 bytes)
1714123145.721793 sending message 112 to peer 0x138008000 (8 bytes)
1714123145.721796 sending message 112 to peer 0x138008000 (13 bytes)
1714123145.721799 sending message 112 to peer 0x138008000 (13 bytes)
1714123145.721801 sending message 112 to peer 0x138008000 (13 bytes)
1714123145.721804 sending message 112 to peer 0x138008000 (13 bytes)
1714123145.721807 sending message 112 to peer 0x138008000 (13 bytes)
1714123145.721809 sending message 112 to peer 0x138008000 (13 bytes)
1714123145.721812 sending message 112 to peer 0x138008000 (13 bytes)
1714123145.721815 sending message 112 to peer 0x138008000 (12 bytes)
1714123145.721818 sending message 112 to peer 0x138008000 (12 bytes)
1714123145.721821 sending message 112 to peer 0x138008000 (12 bytes)
1714123145.721823 sending message 112 to peer 0x138008000 (8 bytes)
1714123145.721826 sending message 112 to peer 0x138008000 (12 bytes)
1714123145.721829 sending message 112 to peer 0x138008000 (13 bytes)
1714123145.721832 sending message 112 to peer 0x138008000 (13 bytes)
1714123145.721834 sending message 112 to peer 0x138008000 (13 bytes)
1714123145.721837 sending message 112 to peer 0x138008000 (13 bytes)
1714123145.721845 sending message 112 to peer 0x138008000 (13 bytes)
1714123145.721848 sending message 112 to peer 0x138008000 (13 bytes)
1714123145.721850 sending message 112 to peer 0x138008000 (13 bytes)
1714123145.721853 sending message 112 to peer 0x138008000 (13 bytes)
1714123145.721856 sending message 112 to peer 0x138008000 (12 bytes)
1714123145.721859 sending message 112 to peer 0x138008000 (10 bytes)
1714123145.721861 sending message 112 to peer 0x138008000 (12 bytes)
1714123145.721864 sending message 112 to peer 0x138008000 (12 bytes)
1714123145.721867 sending message 112 to peer 0x138008000 (12 bytes)
1714123145.721870 sending message 112 to peer 0x138008000 (13 bytes)
1714123145.721872 sending message 112 to peer 0x138008000 (13 bytes)
1714123145.721875 sending message 112 to peer 0x138008000 (13 bytes)
1714123145.721878 sending message 112 to peer 0x138008000 (13 bytes)
1714123145.721881 sending message 112 to peer 0x138008000 (13 bytes)
1714123145.721883 sending message 112 to peer 0x138008000 (13 bytes)
1714123145.721886 sending message 112 to peer 0x138008000 (13 bytes)
1714123145.721889 sending message 112 to peer 0x138008000 (10 bytes)
1714123145.721891 sending message 112 to peer 0x138008000 (13 bytes)
1714123145.721894 sending message 112 to peer 0x138008000 (12 bytes)
1714123145.721897 sending message 112 to peer 0x138008000 (12 bytes)
1714123145.721900 sending message 112 to peer 0x138008000 (12 bytes)
1714123145.721902 sending message 112 to peer 0x138008000 (10 bytes)
1714123145.721905 sending message 112 to peer 0x138008000 (10 bytes)
1714123145.721908 sending message 112 to peer 0x138008000 (10 bytes)
1714123145.721911 sending message 112 to peer 0x138008000 (12 bytes)
1714123145.721913 sending message 112 to peer 0x138008000 (13 bytes)
1714123145.721916 sending message 112 to peer 0x138008000 (13 bytes)
1714123145.721919 sending message 112 to peer 0x138008000 (13 bytes)
1714123145.721922 sending message 112 to peer 0x138008000 (13 bytes)
1714123145.721924 sending message 112 to peer 0x138008000 (13 bytes)
1714123145.721927 sending message 112 to peer 0x138008000 (11 bytes)
1714123145.721930 sending message 112 to peer 0x138008000 (11 bytes)
1714123145.721933 sending message 112 to peer 0x138008000 (12 bytes)
1714123145.721935 sending message 112 to peer 0x138008000 (12 bytes)
1714123145.721938 sending message 112 to peer 0x138008000 (12 bytes)
1714123145.721941 sending message 112 to peer 0x138008000 (12 bytes)
1714123145.721944 sending message 112 to peer 0x138008000 (12 bytes)
1714123145.721946 sending message 112 to peer 0x138008000 (11 bytes)
1714123145.721949 sending message 112 to peer 0x138008000 (12 bytes)
1714123145.721952 sending message 112 to peer 0x138008000 (12 bytes)
1714123145.721954 sending message 112 to peer 0x138008000 (13 bytes)
1714123145.721957 sending message 112 to peer 0x138008000 (13 bytes)
1714123145.721960 sending message 112 to peer 0x138008000 (13 bytes)
1714123145.721963 sending message 112 to peer 0x138008000 (13 bytes)
1714123145.721965 sending message 112 to peer 0x138008000 (13 bytes)
1714123145.721968 sending message 112 to peer 0x138008000 (10 bytes)
1714123145.721971 sending message 112 to peer 0x138008000 (9 bytes)
1714123145.721974 sending message 112 to peer 0x138008000 (12 bytes)
1714123145.721976 sending message 112 to peer 0x138008000 (13 bytes)
1714123145.721979 sending message 112 to peer 0x138008000 (13 bytes)
1714123145.721982 sending message 112 to peer 0x138008000 (13 bytes)
1714123145.721985 sending message 112 to peer 0x138008000 (13 bytes)
1714123145.721987 sending message 112 to peer 0x138008000 (13 bytes)
1714123145.721990 sending message 112 to peer 0x138008000 (9 bytes)
1714123145.721993 sending message 112 to peer 0x138008000 (12 bytes)
1714123145.721996 sending message 112 to peer 0x138008000 (13 bytes)
1714123145.721998 sending message 112 to peer 0x138008000 (13 bytes)
1714123145.722001 sending message 112 to peer 0x138008000 (13 bytes)
1714123145.722004 sending message 112 to peer 0x138008000 (13 bytes)
1714123145.722011 sending message 112 to peer 0x138008000 (13 bytes)
1714123145.722014 sending message 112 to peer 0x138008000 (11 bytes)
1714123145.722017 sending message 112 to peer 0x138008000 (12 bytes)
1714123145.722020 sending message 112 to peer 0x138008000 (13 bytes)
1714123145.722022 sending message 112 to peer 0x138008000 (13 bytes)
1714123145.722025 sending message 112 to peer 0x138008000 (13 bytes)
1714123145.722028 sending message 112 to peer 0x138008000 (13 bytes)
1714123145.722031 sending message 112 to peer 0x138008000 (13 bytes)
1714123145.722033 sending message 112 to peer 0x138008000 (11 bytes)
1714123145.722036 sending message 112 to peer 0x138008000 (12 bytes)
1714123145.722039 sending message 112 to peer 0x138008000 (12 bytes)
1714123145.722042 sending message 112 to peer 0x138008000 (12 bytes)
1714123145.722044 sending message 112 to peer 0x138008000 (12 bytes)
1714123145.722047 sending message 112 to peer 0x138008000 (12 bytes)
1714123145.722050 sending message 112 to peer 0x138008000 (21 bytes)
1714123145.722053 sending message 112 to peer 0x138008000 (12 bytes)
1714123145.722055 sending message 112 to peer 0x138008000 (9 bytes)
1714123145.722058 sending message 112 to peer 0x138008000 (6 bytes)
1714123145.722061 sending message 112 to peer 0x138008000 (13 bytes)
1714123145.722064 sending message 112 to peer 0x138008000 (8 bytes)
1714123145.722067 sending message 112 to peer 0x138008000 (15 bytes)
1714123145.722069 sending message 112 to peer 0x138008000 (13 bytes)
1714123145.722072 sending message 112 to peer 0x138008000 (9 bytes)
1714123145.722075 sending message 112 to peer 0x138008000 (70 bytes)
1714123145.722078 sending message 112 to peer 0x138008000 (69 bytes)
1714123145.722080 sending message 112 to peer 0x138008000 (10 bytes)
1714123145.722083 sending message 112 to peer 0x138008000 (10 bytes)
1714123145.722086 sending message 112 to peer 0x138008000 (8 bytes)
1714123145.722089 sending message 112 to peer 0x138008000 (15 bytes)
1714123145.722092 sending message 112 to peer 0x138008000 (13 bytes)
1714123145.722094 sending message 112 to peer 0x138008000 (10 bytes)
1714123145.722097 sending message 112 to peer 0x138008000 (10 bytes)
1714123145.722100 sending message 112 to peer 0x138008000 (17 bytes)
1714123145.722103 sending message 112 to peer 0x138008000 (10 bytes)
1714123145.722106 sending message 112 to peer 0x138008000 (13 bytes)
1714123145.722108 sending message 112 to peer 0x138008000 (9 bytes)
1714123145.722111 sending message 112 to peer 0x138008000 (5 bytes)
1714123145.722114 sending message 112 to peer 0x138008000 (15 bytes)
1714123145.722117 sending message 104 to peer 0x138008000 (0 bytes)
1714123145.722121 sending message 110 to peer 0x138008000 (0 bytes)
1714123145.722123 sending message 107 to peer 0x138008000 (4 bytes)
1714123145.722126 sending message 105 to peer 0x138008000 (83 bytes)
1714123145.722129 sending message 105 to peer 0x138008000 (87 bytes)
1714123145.722132 sending message 105 to peer 0x138008000 (31 bytes)
1714123145.722135 sending message 105 to peer 0x138008000 (20 bytes)
1714123145.722138 sending message 105 to peer 0x138008000 (22 bytes)
1714123145.722141 sending message 105 to peer 0x138008000 (12 bytes)
1714123145.722143 sending message 105 to peer 0x138008000 (21 bytes)
1714123145.722146 sending message 105 to peer 0x138008000 (19 bytes)
1714123145.722149 sending message 105 to peer 0x138008000 (8 bytes)
1714123145.722152 sending message 105 to peer 0x138008000 (17 bytes)
1714123145.722154 sending message 105 to peer 0x138008000 (32 bytes)
1714123145.722157 sending message 105 to peer 0x138008000 (96 bytes)
1714123145.722160 sending message 105 to peer 0x138008000 (72 bytes)
1714123145.722163 sending message 105 to peer 0x138008000 (53 bytes)
1714123145.722166 sending message 105 to peer 0x138008000 (34 bytes)
1714123145.722168 sending message 105 to peer 0x138008000 (11 bytes)
1714123145.722171 sending message 105 to peer 0x138008000 (421 bytes)
1714123145.722174 sending message 105 to peer 0x138008000 (31 bytes)
1714123145.722184 sending message 105 to peer 0x138008000 (15 bytes)
1714123145.722187 sending message 105 to peer 0x138008000 (8 bytes)
1714123145.722190 sending message 105 to peer 0x138008000 (66 bytes)
1714123145.722192 sending message 105 to peer 0x138008000 (19 bytes)
1714123145.722195 sending message 105 to peer 0x138008000 (18 bytes)
1714123145.722198 sending message 105 to peer 0x138008000 (25 bytes)
1714123145.722201 sending message 105 to peer 0x138008000 (57 bytes)
1714123145.722203 sending message 105 to peer 0x138008000 (43 bytes)
1714123145.722206 sending message 105 to peer 0x138008000 (13 bytes)
1714123145.722209 sending message 105 to peer 0x138008000 (14 bytes)
1714123145.722212 sending message 105 to peer 0x138008000 (20 bytes)
1714123145.722215 sending message 105 to peer 0x138008000 (326 bytes)
1714123145.722218 sending message 105 to peer 0x138008000 (14 bytes)
1714123145.722220 sending message 105 to peer 0x138008000 (19 bytes)
1714123145.722223 sending message 105 to peer 0x138008000 (36 bytes)
1714123145.722226 sending message 105 to peer 0x138008000 (26 bytes)
1714123145.722229 sending message 105 to peer 0x138008000 (55 bytes)
1714123145.722231 sending message 105 to peer 0x138008000 (30 bytes)
1714123145.722234 sending message 105 to peer 0x138008000 (133 bytes)
1714123145.722237 sending message 105 to peer 0x138008000 (35 bytes)
1714123145.722242 sending message 105 to peer 0x138008000 (32 bytes)
1714123145.722245 sending message 105 to peer 0x138008000 (25 bytes)
1714123145.722248 sending message 105 to peer 0x138008000 (29 bytes)
1714123145.722251 sending message 105 to peer 0x138008000 (19 bytes)
1714123145.722254 sending message 105 to peer 0x138008000 (38 bytes)
1714123145.722256 sending message 105 to peer 0x138008000 (47 bytes)
1714123145.722259 sending message 105 to peer 0x138008000 (50 bytes)
1714123145.722262 sending message 105 to peer 0x138008000 (40 bytes)
1714123145.722265 sending message 106 to peer 0x138008000 (0 bytes)
1714123145.722318 sending message 200 to peer 0x138008000 (4 bytes)
1714123145.722322 client loop enter
1714123145.722478 peer 0x138008000 message 303
1714123145.722483 open write file 2 -
1714123145.722495 sending message 305 to peer 0x138008000 (8 bytes)
1714123145.722505 write check file 2
1714123145.722524 peer 0x138008000 message 304
1714123145.722527 write 58 to file 2
1714123145.722531 peer 0x138008000 message 203
1714123145.722534 file 2 58 bytes left
1714123145.722545 write check file 2
1714123145.722549 client loop exit
